Build started 9/9/2014 2:14:54 AM.
Project "C:\Users\shuo\Desktop\4321hw1\4321hw1.vcxproj" on node 2 (rebuild target(s)).
InitializeBuildStatus:
  Creating "Debug\4321hw1.unsuccessfulbuild" because "AlwaysCreate" was specified.
ClCompile:
  C:\Program Files (x86)\Microsoft Visual Studio 10.0\VC\bin\CL.exe /c /Zi /nologo /W3 /WX- /Od /Oy- /D WIN32 /D _DEBUG /D _WINDOWS /Gm /EHsc /RTC1 /MDd /GS /fp:precise /Zc:wchar_t /Zc:forScope /Fo"Debug\\" /Fd"Debug\vc100.pdb" /Gd /TP /analyze- /errorReport:prompt DLinkedList.cpp "linked lists and doubly linked lists.cpp" LinkedList.cpp main.cpp
  main.cpp
  LinkedList.cpp
LinkedList.cpp(19): warning C4018: '<' : signed/unsigned mismatch
LinkedList.cpp(59): error C2440: '<function-style-cast>' : cannot convert from 'const LinkedList *const ' to 'LinkedList'
          No constructor could take the source type, or constructor overload resolution was ambiguous
LinkedList.cpp(62): error C2057: expected constant expression
LinkedList.cpp(62): error C2466: cannot allocate an array of constant size 0
LinkedList.cpp(62): error C2133: 'nodeArray' : unknown size
LinkedList.cpp(81): warning C4156: deletion of an array expression without using the array form of 'delete'; array form substituted
LinkedList.cpp(81): warning C4154: deletion of an array expression; conversion to pointer supplied
LinkedList.cpp(115): error C2064: term does not evaluate to a function taking 0 arguments
LinkedList.cpp(163): error C2057: expected constant expression
LinkedList.cpp(163): error C2466: cannot allocate an array of constant size 0
LinkedList.cpp(163): error C2133: 'nodeArray' : unknown size
LinkedList.cpp(177): error C3867: 'Node::getValue': function call missing argument list; use '&Node::getValue' to create a pointer to member
LinkedList.cpp(177): error C3867: 'Node::getValue': function call missing argument list; use '&Node::getValue' to create a pointer to member
LinkedList.cpp(177): error C2296: '>' : illegal, left operand has type 'int (__thiscall Node::* )(void) const'
LinkedList.cpp(177): error C2297: '>' : illegal, right operand has type 'int (__thiscall Node::* )(void) const'
LinkedList.cpp(179): error C2146: syntax error : missing ';' before identifier 'lowestIndex'
LinkedList.cpp(198): warning C4156: deletion of an array expression without using the array form of 'delete'; array form substituted
LinkedList.cpp(198): warning C4154: deletion of an array expression; conversion to pointer supplied
  linked lists and doubly linked lists.cpp
  DLinkedList.cpp
  Generating Code...
Done Building Project "C:\Users\shuo\Desktop\4321hw1\4321hw1.vcxproj" (rebuild target(s)) -- FAILED.

Build FAILED.

Time Elapsed 00:00:01.12
